[2020-06-03 19:07:01,277] INFO [GroupMetadataManager brokerId=2] Removed 0 expired offsets in 0 milliseconds. (kafka.coordinator.group.GroupMetadataManager)
[2020-06-03 19:17:01,256] INFO [GroupMetadataManager brokerId=2] Removed 0 expired offsets in 1 milliseconds. (kafka.coordinator.group.GroupMetadataManager)
[2020-06-03 19:27:01,230] INFO [GroupMetadataManager brokerId=2] Removed 0 expired offsets in 0 milliseconds. (kafka.coordinator.group.GroupMetadataManager)
[2020-06-03 19:37:01,199] INFO [GroupMetadataManager brokerId=2] Removed 0 expired offsets in 0 milliseconds. (kafka.coordinator.group.GroupMetadataManager)
[2020-06-03 19:45:56,346] INFO Terminating process due to signal SIGTERM (org.apache.kafka.common.utils.LoggingSignalHandler)
[2020-06-03 19:45:56,351] INFO [KafkaServer id=2] shutting down (kafka.server.KafkaServer)
[2020-06-03 19:45:56,353] INFO [KafkaServer id=2] Starting controlled shutdown (kafka.server.KafkaServer)
[2020-06-03 19:45:56,395] INFO [ReplicaFetcherManager on broker 2] Removed fetcher for partitions Set(my-replicated-topic-0) (kafka.server.ReplicaFetcherManager)
[2020-06-03 19:45:56,396] INFO [ReplicaAlterLogDirsManager on broker 2] Removed fetcher for partitions Set(my-replicated-topic-0) (kafka.server.ReplicaAlterLogDirsManager)
[2020-06-03 19:45:56,401] INFO [ReplicaFetcher replicaId=2, leaderId=0, fetcherId=0] Shutting down (kafka.server.ReplicaFetcherThread)
[2020-06-03 19:45:56,404] INFO [ReplicaFetcher replicaId=2, leaderId=0, fetcherId=0] Error sending fetch request (sessionId=2077543682, epoch=14700) to node 0: {}. (org.apache.kafka.clients.FetchSessionHandler)
java.io.IOException: Client was shutdown before response was read
	at org.apache.kafka.clients.NetworkClientUtils.sendAndReceive(NetworkClientUtils.java:109)
	at kafka.server.ReplicaFetcherBlockingSend.sendRequest(ReplicaFetcherBlockingSend.scala:108)
	at kafka.server.ReplicaFetcherThread.fetchFromLeader(ReplicaFetcherThread.scala:206)
	at kafka.server.AbstractFetcherThread.processFetchRequest(AbstractFetcherThread.scala:300)
	at kafka.server.AbstractFetcherThread.$anonfun$maybeFetch$3(AbstractFetcherThread.scala:135)
	at kafka.server.AbstractFetcherThread.maybeFetch(AbstractFetcherThread.scala:134)
	at kafka.server.AbstractFetcherThread.doWork(AbstractFetcherThread.scala:117)
	at kafka.utils.ShutdownableThread.run(ShutdownableThread.scala:96)
[2020-06-03 19:45:56,408] INFO [ReplicaFetcher replicaId=2, leaderId=0, fetcherId=0] Stopped (kafka.server.ReplicaFetcherThread)
[2020-06-03 19:45:56,408] INFO [ReplicaFetcher replicaId=2, leaderId=0, fetcherId=0] Shutdown completed (kafka.server.ReplicaFetcherThread)
[2020-06-03 19:45:56,410] INFO [KafkaServer id=2] Controlled shutdown succeeded (kafka.server.KafkaServer)
[2020-06-03 19:45:56,415] INFO [/config/changes-event-process-thread]: Shutting down (kafka.common.ZkNodeChangeNotificationListener$ChangeEventProcessThread)
[2020-06-03 19:45:56,415] INFO [/config/changes-event-process-thread]: Stopped (kafka.common.ZkNodeChangeNotificationListener$ChangeEventProcessThread)
[2020-06-03 19:45:56,416] INFO [/config/changes-event-process-thread]: Shutdown completed (kafka.common.ZkNodeChangeNotificationListener$ChangeEventProcessThread)
[2020-06-03 19:45:56,416] INFO [SocketServer brokerId=2] Stopping socket server request processors (kafka.network.SocketServer)
[2020-06-03 19:45:56,418] INFO [ReplicaFetcherManager on broker 2] Removed fetcher for partitions Set(my-replicated-topic-0) (kafka.server.ReplicaFetcherManager)
[2020-06-03 19:45:56,418] INFO [ReplicaAlterLogDirsManager on broker 2] Removed fetcher for partitions Set(my-replicated-topic-0) (kafka.server.ReplicaAlterLogDirsManager)
[2020-06-03 19:45:56,430] INFO [SocketServer brokerId=2] Stopped socket server request processors (kafka.network.SocketServer)
[2020-06-03 19:45:56,433] INFO [data-plane Kafka Request Handler on Broker 2], shutting down (kafka.server.KafkaRequestHandlerPool)
[2020-06-03 19:45:56,439] INFO [data-plane Kafka Request Handler on Broker 2], shut down completely (kafka.server.KafkaRequestHandlerPool)
[2020-06-03 19:45:56,448] INFO [ExpirationReaper-2-AlterAcls]: Shutting down (kafka.server.DelayedOperationPurgatory$ExpiredOperationReaper)
[2020-06-03 19:45:56,597] INFO [ExpirationReaper-2-AlterAcls]: Stopped (kafka.server.DelayedOperationPurgatory$ExpiredOperationReaper)
[2020-06-03 19:45:56,597] INFO [ExpirationReaper-2-AlterAcls]: Shutdown completed (kafka.server.DelayedOperationPurgatory$ExpiredOperationReaper)
[2020-06-03 19:45:56,599] INFO [KafkaApi-2] Shutdown complete. (kafka.server.KafkaApis)
[2020-06-03 19:45:56,600] INFO [ExpirationReaper-2-topic]: Shutting down (kafka.server.DelayedOperationPurgatory$ExpiredOperationReaper)
[2020-06-03 19:45:56,797] INFO [ExpirationReaper-2-topic]: Stopped (kafka.server.DelayedOperationPurgatory$ExpiredOperationReaper)
[2020-06-03 19:45:56,798] INFO [ExpirationReaper-2-topic]: Shutdown completed (kafka.server.DelayedOperationPurgatory$ExpiredOperationReaper)
[2020-06-03 19:45:56,800] INFO [TransactionCoordinator id=2] Shutting down. (kafka.coordinator.transaction.TransactionCoordinator)
[2020-06-03 19:45:56,801] INFO [ProducerId Manager 2]: Shutdown complete: last producerId assigned 2000 (kafka.coordinator.transaction.ProducerIdManager)
[2020-06-03 19:45:56,802] INFO [Transaction State Manager 2]: Shutdown complete (kafka.coordinator.transaction.TransactionStateManager)
[2020-06-03 19:45:56,802] INFO [Transaction Marker Channel Manager 2]: Shutting down (kafka.coordinator.transaction.TransactionMarkerChannelManager)
[2020-06-03 19:45:56,803] INFO [Transaction Marker Channel Manager 2]: Shutdown completed (kafka.coordinator.transaction.TransactionMarkerChannelManager)
[2020-06-03 19:45:56,803] INFO [Transaction Marker Channel Manager 2]: Stopped (kafka.coordinator.transaction.TransactionMarkerChannelManager)
[2020-06-03 19:45:56,804] INFO [TransactionCoordinator id=2] Shutdown complete. (kafka.coordinator.transaction.TransactionCoordinator)
[2020-06-03 19:45:56,804] INFO [GroupCoordinator 2]: Shutting down. (kafka.coordinator.group.GroupCoordinator)
[2020-06-03 19:45:56,805] INFO [ExpirationReaper-2-Heartbeat]: Shutting down (kafka.server.DelayedOperationPurgatory$ExpiredOperationReaper)
[2020-06-03 19:45:57,000] INFO [ExpirationReaper-2-Heartbeat]: Stopped (kafka.server.DelayedOperationPurgatory$ExpiredOperationReaper)
[2020-06-03 19:45:57,000] INFO [ExpirationReaper-2-Heartbeat]: Shutdown completed (kafka.server.DelayedOperationPurgatory$ExpiredOperationReaper)
[2020-06-03 19:45:57,000] INFO [ExpirationReaper-2-Rebalance]: Shutting down (kafka.server.DelayedOperationPurgatory$ExpiredOperationReaper)
[2020-06-03 19:45:57,200] INFO [ExpirationReaper-2-Rebalance]: Stopped (kafka.server.DelayedOperationPurgatory$ExpiredOperationReaper)
[2020-06-03 19:45:57,200] INFO [ExpirationReaper-2-Rebalance]: Shutdown completed (kafka.server.DelayedOperationPurgatory$ExpiredOperationReaper)
[2020-06-03 19:45:57,200] INFO [GroupCoordinator 2]: Shutdown complete. (kafka.coordinator.group.GroupCoordinator)
[2020-06-03 19:45:57,201] INFO [ReplicaManager broker=2] Shutting down (kafka.server.ReplicaManager)
[2020-06-03 19:45:57,202] INFO [LogDirFailureHandler]: Shutting down (kafka.server.ReplicaManager$LogDirFailureHandler)
[2020-06-03 19:45:57,202] INFO [LogDirFailureHandler]: Shutdown completed (kafka.server.ReplicaManager$LogDirFailureHandler)
[2020-06-03 19:45:57,202] INFO [LogDirFailureHandler]: Stopped (kafka.server.ReplicaManager$LogDirFailureHandler)
[2020-06-03 19:45:57,202] INFO [ReplicaFetcherManager on broker 2] shutting down (kafka.server.ReplicaFetcherManager)
[2020-06-03 19:45:57,204] INFO [ReplicaFetcherManager on broker 2] shutdown completed (kafka.server.ReplicaFetcherManager)
[2020-06-03 19:45:57,204] INFO [ReplicaAlterLogDirsManager on broker 2] shutting down (kafka.server.ReplicaAlterLogDirsManager)
[2020-06-03 19:45:57,205] INFO [ReplicaAlterLogDirsManager on broker 2] shutdown completed (kafka.server.ReplicaAlterLogDirsManager)
[2020-06-03 19:45:57,205] INFO [ExpirationReaper-2-Fetch]: Shutting down (kafka.server.DelayedOperationPurgatory$ExpiredOperationReaper)
[2020-06-03 19:45:57,400] INFO [ExpirationReaper-2-Fetch]: Stopped (kafka.server.DelayedOperationPurgatory$ExpiredOperationReaper)
[2020-06-03 19:45:57,400] INFO [ExpirationReaper-2-Fetch]: Shutdown completed (kafka.server.DelayedOperationPurgatory$ExpiredOperationReaper)
[2020-06-03 19:45:57,401] INFO [ExpirationReaper-2-Produce]: Shutting down (kafka.server.DelayedOperationPurgatory$ExpiredOperationReaper)
[2020-06-03 19:45:57,600] INFO [ExpirationReaper-2-Produce]: Stopped (kafka.server.DelayedOperationPurgatory$ExpiredOperationReaper)
[2020-06-03 19:45:57,600] INFO [ExpirationReaper-2-Produce]: Shutdown completed (kafka.server.DelayedOperationPurgatory$ExpiredOperationReaper)
[2020-06-03 19:45:57,601] INFO [ExpirationReaper-2-DeleteRecords]: Shutting down (kafka.server.DelayedOperationPurgatory$ExpiredOperationReaper)
[2020-06-03 19:45:57,800] INFO [ExpirationReaper-2-DeleteRecords]: Stopped (kafka.server.DelayedOperationPurgatory$ExpiredOperationReaper)
[2020-06-03 19:45:57,800] INFO [ExpirationReaper-2-DeleteRecords]: Shutdown completed (kafka.server.DelayedOperationPurgatory$ExpiredOperationReaper)
[2020-06-03 19:45:57,801] INFO [ExpirationReaper-2-ElectLeader]: Shutting down (kafka.server.DelayedOperationPurgatory$ExpiredOperationReaper)
[2020-06-03 19:45:58,007] INFO [ExpirationReaper-2-ElectLeader]: Stopped (kafka.server.DelayedOperationPurgatory$ExpiredOperationReaper)
[2020-06-03 19:45:58,007] INFO [ExpirationReaper-2-ElectLeader]: Shutdown completed (kafka.server.DelayedOperationPurgatory$ExpiredOperationReaper)
[2020-06-03 19:45:58,017] INFO [ReplicaManager broker=2] Shut down completely (kafka.server.ReplicaManager)
[2020-06-03 19:45:58,018] INFO Shutting down. (kafka.log.LogManager)
[2020-06-03 19:45:58,048] INFO [ProducerStateManager partition=my-replicated-topic-0] Writing producer snapshot at offset 3 (kafka.log.ProducerStateManager)
[2020-06-03 19:45:58,090] INFO Shutdown complete. (kafka.log.LogManager)
[2020-06-03 19:45:58,100] INFO [ZooKeeperClient Kafka server] Closing. (kafka.zookeeper.ZooKeeperClient)
[2020-06-03 19:45:58,211] INFO Session: 0x1000000512c0003 closed (org.apache.zookeeper.ZooKeeper)
[2020-06-03 19:45:58,211] INFO EventThread shut down for session: 0x1000000512c0003 (org.apache.zookeeper.ClientCnxn)
[2020-06-03 19:45:58,213] INFO [ZooKeeperClient Kafka server] Closed. (kafka.zookeeper.ZooKeeperClient)
[2020-06-03 19:45:58,213] INFO [ThrottledChannelReaper-Fetch]: Shutting down (kafka.server.ClientQuotaManager$ThrottledChannelReaper)
[2020-06-03 19:45:58,222] INFO [ThrottledChannelReaper-Fetch]: Stopped (kafka.server.ClientQuotaManager$ThrottledChannelReaper)
[2020-06-03 19:45:58,222] INFO [ThrottledChannelReaper-Fetch]: Shutdown completed (kafka.server.ClientQuotaManager$ThrottledChannelReaper)
[2020-06-03 19:45:58,222] INFO [ThrottledChannelReaper-Produce]: Shutting down (kafka.server.ClientQuotaManager$ThrottledChannelReaper)
[2020-06-03 19:45:59,222] INFO [ThrottledChannelReaper-Produce]: Shutdown completed (kafka.server.ClientQuotaManager$ThrottledChannelReaper)
[2020-06-03 19:45:59,222] INFO [ThrottledChannelReaper-Produce]: Stopped (kafka.server.ClientQuotaManager$ThrottledChannelReaper)
[2020-06-03 19:45:59,222] INFO [ThrottledChannelReaper-Request]: Shutting down (kafka.server.ClientQuotaManager$ThrottledChannelReaper)
[2020-06-03 19:45:59,374] INFO [ThrottledChannelReaper-Request]: Stopped (kafka.server.ClientQuotaManager$ThrottledChannelReaper)
[2020-06-03 19:45:59,374] INFO [ThrottledChannelReaper-Request]: Shutdown completed (kafka.server.ClientQuotaManager$ThrottledChannelReaper)
[2020-06-03 19:45:59,376] INFO [SocketServer brokerId=2] Shutting down socket server (kafka.network.SocketServer)
[2020-06-03 19:45:59,411] INFO [SocketServer brokerId=2] Shutdown completed (kafka.network.SocketServer)
[2020-06-03 19:45:59,414] INFO [KafkaServer id=2] shut down completed (kafka.server.KafkaServer)
