
   MetaLogicModule 

     nodeID:  NODE1
      Result: 
  - 2016-03-01 20:23:17,239 [main] INFO  AsyncLog$ContextAwareAnalyticLogger:246 - 

   MetaLogicModule 

     nodeID:  NODE1
      Result: 
 
ABC - 2016-03-01 20:23:17,240 [main] INFO  AsyncLog$ContextAwareAnalyticLogger:246 - 
ABC
Hail ... Rainier ...  - 2016-03-01 20:23:17,240 [main] INFO  AsyncLog$ContextAwareAnalyticLogger:246 - 
Hail ... Rainier ... 
total 13904 - 2016-03-01 20:23:17,240 [main] INFO  AsyncLog$ContextAwareAnalyticLogger:246 - 
total 13904
4004376 -rwxrwxrwx  1 greg.trester      186 Mar  1 19:58 EXCHANGER - 2016-03-01 20:23:17,240 [main] INFO  AsyncLog$ContextAwareAnalyticLogger:246 - 
4004376 -rwxrwxrwx  1 greg.trester      186 Mar  1 19:58 EXCHANGER
4006434 -rw-r--r--  1 greg.trester  7111889 Mar  1 20:22 cloudseed-1.0-SNAPSHOT.jar - 2016-03-01 20:23:17,241 [main] INFO  AsyncLog$ContextAwareAnalyticLogger:246 - 
4006434 -rw-r--r--  1 greg.trester  7111889 Mar  1 20:22 cloudseed-1.0-SNAPSHOT.jar
/opt/catalinaOne/appliancetransport - 2016-03-01 20:23:17,241 [main] INFO  AsyncLog$ContextAwareAnalyticLogger:246 - 
/opt/catalinaOne/appliancetransport
	  ...
 - 2016-03-01 20:23:17,241 [main] INFO  AsyncLog$ContextAwareAnalyticLogger:246 - 
	  ...



   JVM Health Monitor: 
       257425408  totalMemory 
       3817865216  maxMemory 
       238634264  freeMemory 
			 ... ... ... 
 - 2016-03-01 20:23:17,241 [main] INFO  AsyncLog$ContextAwareAnalyticLogger:246 - 


   JVM Health Monitor: 
       257425408  totalMemory 
       3817865216  maxMemory 
       238634264  freeMemory 
			 ... ... ... 


   MetaLogicModule 

     nodeID:  NODE2
      Result: 
  - 2016-03-01 20:23:20,260 [main] INFO  AsyncLog$ContextAwareAnalyticLogger:246 - 

   MetaLogicModule 

     nodeID:  NODE2
      Result: 
 
ABC - 2016-03-01 20:23:20,260 [main] INFO  AsyncLog$ContextAwareAnalyticLogger:246 - 
ABC
Hail ... Rainier ...  - 2016-03-01 20:23:20,260 [main] INFO  AsyncLog$ContextAwareAnalyticLogger:246 - 
Hail ... Rainier ... 
total 13904 - 2016-03-01 20:23:20,261 [main] INFO  AsyncLog$ContextAwareAnalyticLogger:246 - 
total 13904
4006442 drwxr-xr-x  3 greg.trester      102 Mar  1 20:23 ContextAwareAnalyticLogger - 2016-03-01 20:23:20,261 [main] INFO  AsyncLog$ContextAwareAnalyticLogger:246 - 
4006442 drwxr-xr-x  3 greg.trester      102 Mar  1 20:23 ContextAwareAnalyticLogger
4004376 -rwxrwxrwx  1 greg.trester      186 Mar  1 19:58 EXCHANGER - 2016-03-01 20:23:20,261 [main] INFO  AsyncLog$ContextAwareAnalyticLogger:246 - 
4004376 -rwxrwxrwx  1 greg.trester      186 Mar  1 19:58 EXCHANGER
4006434 -rw-r--r--  1 greg.trester  7111889 Mar  1 20:22 cloudseed-1.0-SNAPSHOT.jar - 2016-03-01 20:23:20,261 [main] INFO  AsyncLog$ContextAwareAnalyticLogger:246 - 
4006434 -rw-r--r--  1 greg.trester  7111889 Mar  1 20:22 cloudseed-1.0-SNAPSHOT.jar
/opt/catalinaOne/appliancetransport - 2016-03-01 20:23:20,261 [main] INFO  AsyncLog$ContextAwareAnalyticLogger:246 - 
/opt/catalinaOne/appliancetransport
	  ...
 - 2016-03-01 20:23:20,261 [main] INFO  AsyncLog$ContextAwareAnalyticLogger:246 - 
	  ...



   JVM Health Monitor: 
       257425408  totalMemory 
       3817865216  maxMemory 
       238634264  freeMemory 
			 ... ... ... 
 - 2016-03-01 20:23:20,261 [main] INFO  AsyncLog$ContextAwareAnalyticLogger:246 - 


   JVM Health Monitor: 
       257425408  totalMemory 
       3817865216  maxMemory 
       238634264  freeMemory 
			 ... ... ... 


   MetaLogicModule 

     nodeID:  NODE1
      Result: 
  - 2016-03-01 20:23:32,528 [main] INFO  AsyncLog$ContextAwareAnalyticLogger:246 - 

   MetaLogicModule 

     nodeID:  NODE1
      Result: 
 
ABC - 2016-03-01 20:23:32,528 [main] INFO  AsyncLog$ContextAwareAnalyticLogger:246 - 
ABC
Hail ... Rainier ...  - 2016-03-01 20:23:32,529 [main] INFO  AsyncLog$ContextAwareAnalyticLogger:246 - 
Hail ... Rainier ... 
total 13904 - 2016-03-01 20:23:32,529 [main] INFO  AsyncLog$ContextAwareAnalyticLogger:246 - 
total 13904
4006442 drwxr-xr-x  3 greg.trester      102 Mar  1 20:23 ContextAwareAnalyticLogger - 2016-03-01 20:23:32,529 [main] INFO  AsyncLog$ContextAwareAnalyticLogger:246 - 
4006442 drwxr-xr-x  3 greg.trester      102 Mar  1 20:23 ContextAwareAnalyticLogger
4004376 -rwxrwxrwx  1 greg.trester      186 Mar  1 19:58 EXCHANGER - 2016-03-01 20:23:32,529 [main] INFO  AsyncLog$ContextAwareAnalyticLogger:246 - 
4004376 -rwxrwxrwx  1 greg.trester      186 Mar  1 19:58 EXCHANGER
4006434 -rw-r--r--  1 greg.trester  7111889 Mar  1 20:22 cloudseed-1.0-SNAPSHOT.jar - 2016-03-01 20:23:32,529 [main] INFO  AsyncLog$ContextAwareAnalyticLogger:246 - 
4006434 -rw-r--r--  1 greg.trester  7111889 Mar  1 20:22 cloudseed-1.0-SNAPSHOT.jar
/opt/catalinaOne/appliancetransport - 2016-03-01 20:23:32,529 [main] INFO  AsyncLog$ContextAwareAnalyticLogger:246 - 
/opt/catalinaOne/appliancetransport
	  ...
 - 2016-03-01 20:23:32,529 [main] INFO  AsyncLog$ContextAwareAnalyticLogger:246 - 
	  ...



   JVM Health Monitor: 
       257425408  totalMemory 
       3817865216  maxMemory 
       238634192  freeMemory 
			 ... ... ... 
 - 2016-03-01 20:23:32,530 [main] INFO  AsyncLog$ContextAwareAnalyticLogger:246 - 


   JVM Health Monitor: 
       257425408  totalMemory 
       3817865216  maxMemory 
       238634192  freeMemory 
			 ... ... ... 


   MetaLogicModule 

     nodeID:  NODE2
      Result: 
  - 2016-03-01 20:23:35,550 [main] INFO  AsyncLog$ContextAwareAnalyticLogger:246 - 

   MetaLogicModule 

     nodeID:  NODE2
      Result: 
 
ABC - 2016-03-01 20:23:35,550 [main] INFO  AsyncLog$ContextAwareAnalyticLogger:246 - 
ABC
Hail ... Rainier ...  - 2016-03-01 20:23:35,551 [main] INFO  AsyncLog$ContextAwareAnalyticLogger:246 - 
Hail ... Rainier ... 
total 13904 - 2016-03-01 20:23:35,551 [main] INFO  AsyncLog$ContextAwareAnalyticLogger:246 - 
total 13904
4006442 drwxr-xr-x  3 greg.trester      102 Mar  1 20:23 ContextAwareAnalyticLogger - 2016-03-01 20:23:35,551 [main] INFO  AsyncLog$ContextAwareAnalyticLogger:246 - 
4006442 drwxr-xr-x  3 greg.trester      102 Mar  1 20:23 ContextAwareAnalyticLogger
4004376 -rwxrwxrwx  1 greg.trester      186 Mar  1 19:58 EXCHANGER - 2016-03-01 20:23:35,551 [main] INFO  AsyncLog$ContextAwareAnalyticLogger:246 - 
4004376 -rwxrwxrwx  1 greg.trester      186 Mar  1 19:58 EXCHANGER
4006434 -rw-r--r--  1 greg.trester  7111889 Mar  1 20:22 cloudseed-1.0-SNAPSHOT.jar - 2016-03-01 20:23:35,551 [main] INFO  AsyncLog$ContextAwareAnalyticLogger:246 - 
4006434 -rw-r--r--  1 greg.trester  7111889 Mar  1 20:22 cloudseed-1.0-SNAPSHOT.jar
/opt/catalinaOne/appliancetransport - 2016-03-01 20:23:35,551 [main] INFO  AsyncLog$ContextAwareAnalyticLogger:246 - 
/opt/catalinaOne/appliancetransport
	  ...
 - 2016-03-01 20:23:35,551 [main] INFO  AsyncLog$ContextAwareAnalyticLogger:246 - 
	  ...



   JVM Health Monitor: 
       257425408  totalMemory 
       3817865216  maxMemory 
       238634192  freeMemory 
			 ... ... ... 
 - 2016-03-01 20:23:35,551 [main] INFO  AsyncLog$ContextAwareAnalyticLogger:246 - 


   JVM Health Monitor: 
       257425408  totalMemory 
       3817865216  maxMemory 
       238634192  freeMemory 
			 ... ... ... 


   MetaLogicModule 

     nodeID:  NODE1
      Result: 
  - 2016-03-01 20:49:09,567 [main] INFO  AsyncLog$ContextAwareAnalyticLogger:246 - 

   MetaLogicModule 

     nodeID:  NODE1
      Result: 
 
ABC - 2016-03-01 20:49:09,568 [main] INFO  AsyncLog$ContextAwareAnalyticLogger:246 - 
ABC
Hail ... Rainier ...  - 2016-03-01 20:49:09,568 [main] INFO  AsyncLog$ContextAwareAnalyticLogger:246 - 
Hail ... Rainier ... 
total 13904 - 2016-03-01 20:49:09,568 [main] INFO  AsyncLog$ContextAwareAnalyticLogger:246 - 
total 13904
4006442 drwxr-xr-x  3 greg.trester      102 Mar  1 20:23 ContextAwareAnalyticLogger - 2016-03-01 20:49:09,568 [main] INFO  AsyncLog$ContextAwareAnalyticLogger:246 - 
4006442 drwxr-xr-x  3 greg.trester      102 Mar  1 20:23 ContextAwareAnalyticLogger
4004376 -rwxrwxrwx  1 greg.trester      186 Mar  1 19:58 EXCHANGER - 2016-03-01 20:49:09,569 [main] INFO  AsyncLog$ContextAwareAnalyticLogger:246 - 
4004376 -rwxrwxrwx  1 greg.trester      186 Mar  1 19:58 EXCHANGER
4006594 -rw-r--r--  1 greg.trester  7111995 Mar  1 20:28 cloudseed-1.0-SNAPSHOT.jar - 2016-03-01 20:49:09,569 [main] INFO  AsyncLog$ContextAwareAnalyticLogger:246 - 
4006594 -rw-r--r--  1 greg.trester  7111995 Mar  1 20:28 cloudseed-1.0-SNAPSHOT.jar
/opt/catalinaOne/appliancetransport - 2016-03-01 20:49:09,569 [main] INFO  AsyncLog$ContextAwareAnalyticLogger:246 - 
/opt/catalinaOne/appliancetransport
	  ...
 - 2016-03-01 20:49:09,569 [main] INFO  AsyncLog$ContextAwareAnalyticLogger:246 - 
	  ...



   JVM Health Monitor: 
       257425408  totalMemory 
       3817865216  maxMemory 
       238634048  freeMemory 
			 ... ... ... 
 - 2016-03-01 20:49:09,569 [main] INFO  AsyncLog$ContextAwareAnalyticLogger:246 - 


   JVM Health Monitor: 
       257425408  totalMemory 
       3817865216  maxMemory 
       238634048  freeMemory 
			 ... ... ... 


   MetaLogicModule 

     nodeID:  NODE2
      Result: 
  - 2016-03-01 20:49:12,587 [main] INFO  AsyncLog$ContextAwareAnalyticLogger:246 - 

   MetaLogicModule 

     nodeID:  NODE2
      Result: 
 
ABC - 2016-03-01 20:49:12,587 [main] INFO  AsyncLog$ContextAwareAnalyticLogger:246 - 
ABC
Hail ... Rainier ...  - 2016-03-01 20:49:12,588 [main] INFO  AsyncLog$ContextAwareAnalyticLogger:246 - 
Hail ... Rainier ... 
total 13904 - 2016-03-01 20:49:12,588 [main] INFO  AsyncLog$ContextAwareAnalyticLogger:246 - 
total 13904
4006442 drwxr-xr-x  3 greg.trester      102 Mar  1 20:23 ContextAwareAnalyticLogger - 2016-03-01 20:49:12,588 [main] INFO  AsyncLog$ContextAwareAnalyticLogger:246 - 
4006442 drwxr-xr-x  3 greg.trester      102 Mar  1 20:23 ContextAwareAnalyticLogger
4004376 -rwxrwxrwx  1 greg.trester      186 Mar  1 19:58 EXCHANGER - 2016-03-01 20:49:12,588 [main] INFO  AsyncLog$ContextAwareAnalyticLogger:246 - 
4004376 -rwxrwxrwx  1 greg.trester      186 Mar  1 19:58 EXCHANGER
4006594 -rw-r--r--  1 greg.trester  7111995 Mar  1 20:28 cloudseed-1.0-SNAPSHOT.jar - 2016-03-01 20:49:12,588 [main] INFO  AsyncLog$ContextAwareAnalyticLogger:246 - 
4006594 -rw-r--r--  1 greg.trester  7111995 Mar  1 20:28 cloudseed-1.0-SNAPSHOT.jar
/opt/catalinaOne/appliancetransport - 2016-03-01 20:49:12,588 [main] INFO  AsyncLog$ContextAwareAnalyticLogger:246 - 
/opt/catalinaOne/appliancetransport
	  ...
 - 2016-03-01 20:49:12,588 [main] INFO  AsyncLog$ContextAwareAnalyticLogger:246 - 
	  ...



   JVM Health Monitor: 
       257425408  totalMemory 
       3817865216  maxMemory 
       238634048  freeMemory 
			 ... ... ... 
 - 2016-03-01 20:49:12,588 [main] INFO  AsyncLog$ContextAwareAnalyticLogger:246 - 


   JVM Health Monitor: 
       257425408  totalMemory 
       3817865216  maxMemory 
       238634048  freeMemory 
			 ... ... ... 


   MetaLogicModule 

     nodeID:  NODE1
      Result: 
  - 2016-03-01 20:54:52,659 [main] INFO  AsyncLog$ContextAwareAnalyticLogger:246 - 

   MetaLogicModule 

     nodeID:  NODE1
      Result: 
 
ABC - 2016-03-01 20:54:52,660 [main] INFO  AsyncLog$ContextAwareAnalyticLogger:246 - 
ABC
Hail ... Rainier ...  - 2016-03-01 20:54:52,660 [main] INFO  AsyncLog$ContextAwareAnalyticLogger:246 - 
Hail ... Rainier ... 
total 13904 - 2016-03-01 20:54:52,660 [main] INFO  AsyncLog$ContextAwareAnalyticLogger:246 - 
total 13904
4006442 drwxr-xr-x  3 greg.trester      102 Mar  1 20:23 ContextAwareAnalyticLogger - 2016-03-01 20:54:52,660 [main] INFO  AsyncLog$ContextAwareAnalyticLogger:246 - 
4006442 drwxr-xr-x  3 greg.trester      102 Mar  1 20:23 ContextAwareAnalyticLogger
4004376 -rwxrwxrwx  1 greg.trester      186 Mar  1 19:58 EXCHANGER - 2016-03-01 20:54:52,660 [main] INFO  AsyncLog$ContextAwareAnalyticLogger:246 - 
4004376 -rwxrwxrwx  1 greg.trester      186 Mar  1 19:58 EXCHANGER
4007359 -rw-r--r--  1 greg.trester  7112002 Mar  1 20:54 cloudseed-1.0-SNAPSHOT.jar - 2016-03-01 20:54:52,661 [main] INFO  AsyncLog$ContextAwareAnalyticLogger:246 - 
4007359 -rw-r--r--  1 greg.trester  7112002 Mar  1 20:54 cloudseed-1.0-SNAPSHOT.jar
/opt/catalinaOne/appliancetransport - 2016-03-01 20:54:52,661 [main] INFO  AsyncLog$ContextAwareAnalyticLogger:246 - 
/opt/catalinaOne/appliancetransport
	  ...
 - 2016-03-01 20:54:52,661 [main] INFO  AsyncLog$ContextAwareAnalyticLogger:246 - 
	  ...



   JVM Health Monitor: 
       257425408  totalMemory 
       3817865216  maxMemory 
       238630088  freeMemory 
			 ... ... ... 
 - 2016-03-01 20:54:52,661 [main] INFO  AsyncLog$ContextAwareAnalyticLogger:246 - 


   JVM Health Monitor: 
       257425408  totalMemory 
       3817865216  maxMemory 
       238630088  freeMemory 
			 ... ... ... 


   MetaLogicModule 

     nodeID:  NODE2
      Result: 
  - 2016-03-01 20:54:55,680 [main] INFO  AsyncLog$ContextAwareAnalyticLogger:246 - 

   MetaLogicModule 

     nodeID:  NODE2
      Result: 
 
ABC - 2016-03-01 20:54:55,680 [main] INFO  AsyncLog$ContextAwareAnalyticLogger:246 - 
ABC
Hail ... Rainier ...  - 2016-03-01 20:54:55,681 [main] INFO  AsyncLog$ContextAwareAnalyticLogger:246 - 
Hail ... Rainier ... 
total 13904 - 2016-03-01 20:54:55,681 [main] INFO  AsyncLog$ContextAwareAnalyticLogger:246 - 
total 13904
4006442 drwxr-xr-x  3 greg.trester      102 Mar  1 20:23 ContextAwareAnalyticLogger - 2016-03-01 20:54:55,681 [main] INFO  AsyncLog$ContextAwareAnalyticLogger:246 - 
4006442 drwxr-xr-x  3 greg.trester      102 Mar  1 20:23 ContextAwareAnalyticLogger
4004376 -rwxrwxrwx  1 greg.trester      186 Mar  1 19:58 EXCHANGER - 2016-03-01 20:54:55,681 [main] INFO  AsyncLog$ContextAwareAnalyticLogger:246 - 
4004376 -rwxrwxrwx  1 greg.trester      186 Mar  1 19:58 EXCHANGER
4007359 -rw-r--r--  1 greg.trester  7112002 Mar  1 20:54 cloudseed-1.0-SNAPSHOT.jar - 2016-03-01 20:54:55,681 [main] INFO  AsyncLog$ContextAwareAnalyticLogger:246 - 
4007359 -rw-r--r--  1 greg.trester  7112002 Mar  1 20:54 cloudseed-1.0-SNAPSHOT.jar
/opt/catalinaOne/appliancetransport - 2016-03-01 20:54:55,681 [main] INFO  AsyncLog$ContextAwareAnalyticLogger:246 - 
/opt/catalinaOne/appliancetransport
	  ...
 - 2016-03-01 20:54:55,681 [main] INFO  AsyncLog$ContextAwareAnalyticLogger:246 - 
	  ...



   JVM Health Monitor: 
       257425408  totalMemory 
       3817865216  maxMemory 
       238630088  freeMemory 
			 ... ... ... 
 - 2016-03-01 20:54:55,681 [main] INFO  AsyncLog$ContextAwareAnalyticLogger:246 - 


   JVM Health Monitor: 
       257425408  totalMemory 
       3817865216  maxMemory 
       238630088  freeMemory 
			 ... ... ... 


   MetaLogicModule 

     nodeID:  null
      Result: 
  - 2016-03-01 21:05:20,061 [main] INFO  AsyncLog$ContextAwareAnalyticLogger:246 - 

   MetaLogicModule 

     nodeID:  null
      Result: 
 
ABC - 2016-03-01 21:05:20,061 [main] INFO  AsyncLog$ContextAwareAnalyticLogger:246 - 
ABC
Hail ... Rainier ...  - 2016-03-01 21:05:20,062 [main] INFO  AsyncLog$ContextAwareAnalyticLogger:246 - 
Hail ... Rainier ... 
total 13904 - 2016-03-01 21:05:20,062 [main] INFO  AsyncLog$ContextAwareAnalyticLogger:246 - 
total 13904
4006442 drwxr-xr-x  3 greg.trester      102 Mar  1 20:23 ContextAwareAnalyticLogger - 2016-03-01 21:05:20,062 [main] INFO  AsyncLog$ContextAwareAnalyticLogger:246 - 
4006442 drwxr-xr-x  3 greg.trester      102 Mar  1 20:23 ContextAwareAnalyticLogger
4004376 -rwxrwxrwx  1 greg.trester      186 Mar  1 19:58 EXCHANGER - 2016-03-01 21:05:20,062 [main] INFO  AsyncLog$ContextAwareAnalyticLogger:246 - 
4004376 -rwxrwxrwx  1 greg.trester      186 Mar  1 19:58 EXCHANGER
4007604 -rw-r--r--  1 greg.trester  7111645 Mar  1 21:04 cloudseed-1.0-SNAPSHOT.jar - 2016-03-01 21:05:20,062 [main] INFO  AsyncLog$ContextAwareAnalyticLogger:246 - 
4007604 -rw-r--r--  1 greg.trester  7111645 Mar  1 21:04 cloudseed-1.0-SNAPSHOT.jar
/opt/catalinaOne/appliancetransport - 2016-03-01 21:05:20,062 [main] INFO  AsyncLog$ContextAwareAnalyticLogger:246 - 
/opt/catalinaOne/appliancetransport
	  ...
 - 2016-03-01 21:05:20,062 [main] INFO  AsyncLog$ContextAwareAnalyticLogger:246 - 
	  ...


   CloudGatewayTransport
      Result: 
  - 2016-03-01 21:08:24,868 [main] INFO  AsyncLog$ContextAwareAnalyticLogger:246 - 

   CloudGatewayTransport
      Result: 
 
 - 2016-03-01 21:08:24,869 [main] INFO  AsyncLog$ContextAwareAnalyticLogger:246 - 

Hail ... Rainier ...  - 2016-03-01 21:08:24,869 [main] INFO  AsyncLog$ContextAwareAnalyticLogger:246 - 
Hail ... Rainier ... 
total 13896 - 2016-03-01 21:08:24,869 [main] INFO  AsyncLog$ContextAwareAnalyticLogger:246 - 
total 13896
4006442 drwxr-xr-x  3 greg.trester      102 Mar  1 20:23 ContextAwareAnalyticLogger - 2016-03-01 21:08:24,869 [main] INFO  AsyncLog$ContextAwareAnalyticLogger:246 - 
4006442 drwxr-xr-x  3 greg.trester      102 Mar  1 20:23 ContextAwareAnalyticLogger
4004376 -rwxrwxrwx  1 greg.trester      186 Mar  1 19:58 EXCHANGER - 2016-03-01 21:08:24,869 [main] INFO  AsyncLog$ContextAwareAnalyticLogger:246 - 
4004376 -rwxrwxrwx  1 greg.trester      186 Mar  1 19:58 EXCHANGER
4007733 -rw-r--r--  1 greg.trester  7108097 Mar  1 21:08 cloudseed-1.0-SNAPSHOT.jar - 2016-03-01 21:08:24,870 [main] INFO  AsyncLog$ContextAwareAnalyticLogger:246 - 
4007733 -rw-r--r--  1 greg.trester  7108097 Mar  1 21:08 cloudseed-1.0-SNAPSHOT.jar
/opt/catalinaOne/appliancetransport - 2016-03-01 21:08:24,870 [main] INFO  AsyncLog$ContextAwareAnalyticLogger:246 - 
/opt/catalinaOne/appliancetransport
	  ...
 - 2016-03-01 21:08:24,870 [main] INFO  AsyncLog$ContextAwareAnalyticLogger:246 - 
	  ...


   CloudGatewayTransport, ask: 
      Result: 
  - 2016-03-01 21:09:41,336 [main] INFO  AsyncLog$ContextAwareAnalyticLogger:246 - 

   CloudGatewayTransport, ask: 
      Result: 
 
 - 2016-03-01 21:09:41,337 [main] INFO  AsyncLog$ContextAwareAnalyticLogger:246 - 

Hail ... Rainier ...  - 2016-03-01 21:09:41,337 [main] INFO  AsyncLog$ContextAwareAnalyticLogger:246 - 
Hail ... Rainier ... 
total 13896 - 2016-03-01 21:09:41,337 [main] INFO  AsyncLog$ContextAwareAnalyticLogger:246 - 
total 13896
4006442 drwxr-xr-x  3 greg.trester      102 Mar  1 20:23 ContextAwareAnalyticLogger - 2016-03-01 21:09:41,337 [main] INFO  AsyncLog$ContextAwareAnalyticLogger:246 - 
4006442 drwxr-xr-x  3 greg.trester      102 Mar  1 20:23 ContextAwareAnalyticLogger
4004376 -rwxrwxrwx  1 greg.trester      186 Mar  1 19:58 EXCHANGER - 2016-03-01 21:09:41,337 [main] INFO  AsyncLog$ContextAwareAnalyticLogger:246 - 
4004376 -rwxrwxrwx  1 greg.trester      186 Mar  1 19:58 EXCHANGER
4007775 -rw-r--r--  1 greg.trester  7108117 Mar  1 21:09 cloudseed-1.0-SNAPSHOT.jar - 2016-03-01 21:09:41,337 [main] INFO  AsyncLog$ContextAwareAnalyticLogger:246 - 
4007775 -rw-r--r--  1 greg.trester  7108117 Mar  1 21:09 cloudseed-1.0-SNAPSHOT.jar
/opt/catalinaOne/appliancetransport - 2016-03-01 21:09:41,337 [main] INFO  AsyncLog$ContextAwareAnalyticLogger:246 - 
/opt/catalinaOne/appliancetransport
	  ...
 - 2016-03-01 21:09:41,338 [main] INFO  AsyncLog$ContextAwareAnalyticLogger:246 - 
	  ...


   CloudGatewayTransport, ask: 
      Result: 
  - 2016-03-01 21:10:11,406 [main] INFO  AsyncLog$ContextAwareAnalyticLogger:246 - 

   CloudGatewayTransport, ask: 
      Result: 
 
 - 2016-03-01 21:10:11,407 [main] INFO  AsyncLog$ContextAwareAnalyticLogger:246 - 

Hail ... Rainier ...  - 2016-03-01 21:10:11,407 [main] INFO  AsyncLog$ContextAwareAnalyticLogger:246 - 
Hail ... Rainier ... 
total 13896 - 2016-03-01 21:10:11,407 [main] INFO  AsyncLog$ContextAwareAnalyticLogger:246 - 
total 13896
4006442 drwxr-xr-x  3 greg.trester      102 Mar  1 20:23 ContextAwareAnalyticLogger - 2016-03-01 21:10:11,407 [main] INFO  AsyncLog$ContextAwareAnalyticLogger:246 - 
4006442 drwxr-xr-x  3 greg.trester      102 Mar  1 20:23 ContextAwareAnalyticLogger
4004376 -rwxrwxrwx  1 greg.trester      186 Mar  1 19:58 EXCHANGER - 2016-03-01 21:10:11,407 [main] INFO  AsyncLog$ContextAwareAnalyticLogger:246 - 
4004376 -rwxrwxrwx  1 greg.trester      186 Mar  1 19:58 EXCHANGER
4007775 -rw-r--r--  1 greg.trester  7108117 Mar  1 21:09 cloudseed-1.0-SNAPSHOT.jar - 2016-03-01 21:10:11,408 [main] INFO  AsyncLog$ContextAwareAnalyticLogger:246 - 
4007775 -rw-r--r--  1 greg.trester  7108117 Mar  1 21:09 cloudseed-1.0-SNAPSHOT.jar
/opt/catalinaOne/appliancetransport - 2016-03-01 21:10:11,408 [main] INFO  AsyncLog$ContextAwareAnalyticLogger:246 - 
/opt/catalinaOne/appliancetransport
	  ...
 - 2016-03-01 21:10:11,408 [main] INFO  AsyncLog$ContextAwareAnalyticLogger:246 - 
	  ...


   CloudGatewayTransport, ask: 
      Result: 
  - 2016-03-01 21:10:29,170 [main] INFO  AsyncLog$ContextAwareAnalyticLogger:246 - 

   CloudGatewayTransport, ask: 
      Result: 
 
 - 2016-03-01 21:10:29,171 [main] INFO  AsyncLog$ContextAwareAnalyticLogger:246 - 

Hail ... Rainier ...  - 2016-03-01 21:10:29,171 [main] INFO  AsyncLog$ContextAwareAnalyticLogger:246 - 
Hail ... Rainier ... 
total 13896 - 2016-03-01 21:10:29,171 [main] INFO  AsyncLog$ContextAwareAnalyticLogger:246 - 
total 13896
4006442 drwxr-xr-x  3 greg.trester      102 Mar  1 20:23 ContextAwareAnalyticLogger - 2016-03-01 21:10:29,171 [main] INFO  AsyncLog$ContextAwareAnalyticLogger:246 - 
4006442 drwxr-xr-x  3 greg.trester      102 Mar  1 20:23 ContextAwareAnalyticLogger
4004376 -rwxrwxrwx  1 greg.trester      186 Mar  1 19:58 EXCHANGER - 2016-03-01 21:10:29,172 [main] INFO  AsyncLog$ContextAwareAnalyticLogger:246 - 
4004376 -rwxrwxrwx  1 greg.trester      186 Mar  1 19:58 EXCHANGER
4007775 -rw-r--r--  1 greg.trester  7108117 Mar  1 21:09 cloudseed-1.0-SNAPSHOT.jar - 2016-03-01 21:10:29,172 [main] INFO  AsyncLog$ContextAwareAnalyticLogger:246 - 
4007775 -rw-r--r--  1 greg.trester  7108117 Mar  1 21:09 cloudseed-1.0-SNAPSHOT.jar
/opt/catalinaOne/appliancetransport - 2016-03-01 21:10:29,172 [main] INFO  AsyncLog$ContextAwareAnalyticLogger:246 - 
/opt/catalinaOne/appliancetransport
	  ...
 - 2016-03-01 21:10:29,172 [main] INFO  AsyncLog$ContextAwareAnalyticLogger:246 - 
	  ...


   CloudGatewayTransport, ask: 
      Result: 
  - 2016-03-01 21:10:37,719 [main] INFO  AsyncLog$ContextAwareAnalyticLogger:246 - 

   CloudGatewayTransport, ask: 
      Result: 
 
 - 2016-03-01 21:10:37,719 [main] INFO  AsyncLog$ContextAwareAnalyticLogger:246 - 

Hail ... Rainier ...  - 2016-03-01 21:10:37,720 [main] INFO  AsyncLog$ContextAwareAnalyticLogger:246 - 
Hail ... Rainier ... 
total 13896 - 2016-03-01 21:10:37,720 [main] INFO  AsyncLog$ContextAwareAnalyticLogger:246 - 
total 13896
4006442 drwxr-xr-x  3 greg.trester      102 Mar  1 20:23 ContextAwareAnalyticLogger - 2016-03-01 21:10:37,720 [main] INFO  AsyncLog$ContextAwareAnalyticLogger:246 - 
4006442 drwxr-xr-x  3 greg.trester      102 Mar  1 20:23 ContextAwareAnalyticLogger
4004376 -rwxrwxrwx  1 greg.trester      186 Mar  1 19:58 EXCHANGER - 2016-03-01 21:10:37,720 [main] INFO  AsyncLog$ContextAwareAnalyticLogger:246 - 
4004376 -rwxrwxrwx  1 greg.trester      186 Mar  1 19:58 EXCHANGER
4007775 -rw-r--r--  1 greg.trester  7108117 Mar  1 21:10 cloudseed-1.0-SNAPSHOT.jar - 2016-03-01 21:10:37,720 [main] INFO  AsyncLog$ContextAwareAnalyticLogger:246 - 
4007775 -rw-r--r--  1 greg.trester  7108117 Mar  1 21:10 cloudseed-1.0-SNAPSHOT.jar
/opt/catalinaOne/appliancetransport - 2016-03-01 21:10:37,720 [main] INFO  AsyncLog$ContextAwareAnalyticLogger:246 - 
/opt/catalinaOne/appliancetransport
	  ...
 - 2016-03-01 21:10:37,720 [main] INFO  AsyncLog$ContextAwareAnalyticLogger:246 - 
	  ...

 - 2016-03-01 21:11:36,267 [main] INFO  AsyncLog$ContextAwareAnalyticLogger:246 - 

Hail ... Rainier ...  - 2016-03-01 21:11:36,268 [main] INFO  AsyncLog$ContextAwareAnalyticLogger:246 - 
Hail ... Rainier ... 
total 13896 - 2016-03-01 21:11:36,268 [main] INFO  AsyncLog$ContextAwareAnalyticLogger:246 - 
total 13896
4006442 drwxr-xr-x  3 greg.trester      102 Mar  1 20:23 ContextAwareAnalyticLogger - 2016-03-01 21:11:36,268 [main] INFO  AsyncLog$ContextAwareAnalyticLogger:246 - 
4006442 drwxr-xr-x  3 greg.trester      102 Mar  1 20:23 ContextAwareAnalyticLogger
4004376 -rwxrwxrwx  1 greg.trester      186 Mar  1 19:58 EXCHANGER - 2016-03-01 21:11:36,268 [main] INFO  AsyncLog$ContextAwareAnalyticLogger:246 - 
4004376 -rwxrwxrwx  1 greg.trester      186 Mar  1 19:58 EXCHANGER
4007775 -rw-r--r--  1 greg.trester  7108118 Mar  1 21:11 cloudseed-1.0-SNAPSHOT.jar - 2016-03-01 21:11:36,269 [main] INFO  AsyncLog$ContextAwareAnalyticLogger:246 - 
4007775 -rw-r--r--  1 greg.trester  7108118 Mar  1 21:11 cloudseed-1.0-SNAPSHOT.jar
/opt/catalinaOne/appliancetransport - 2016-03-01 21:11:36,269 [main] INFO  AsyncLog$ContextAwareAnalyticLogger:246 - 
/opt/catalinaOne/appliancetransport
	  ...
 - 2016-03-01 21:11:36,269 [main] INFO  AsyncLog$ContextAwareAnalyticLogger:246 - 
	  ...

 - 2016-03-01 21:12:30,650 [main] INFO  AsyncLog$ContextAwareAnalyticLogger:246 - 

Hail ... Rainier ...  - 2016-03-01 21:12:30,651 [main] INFO  AsyncLog$ContextAwareAnalyticLogger:246 - 
Hail ... Rainier ... 
total 13896 - 2016-03-01 21:12:30,651 [main] INFO  AsyncLog$ContextAwareAnalyticLogger:246 - 
total 13896
4006442 drwxr-xr-x  3 greg.trester      102 Mar  1 20:23 ContextAwareAnalyticLogger - 2016-03-01 21:12:30,651 [main] INFO  AsyncLog$ContextAwareAnalyticLogger:246 - 
4006442 drwxr-xr-x  3 greg.trester      102 Mar  1 20:23 ContextAwareAnalyticLogger
4004376 -rwxrwxrwx  1 greg.trester      186 Mar  1 19:58 EXCHANGER - 2016-03-01 21:12:30,651 [main] INFO  AsyncLog$ContextAwareAnalyticLogger:246 - 
4004376 -rwxrwxrwx  1 greg.trester      186 Mar  1 19:58 EXCHANGER
4007775 -rw-r--r--  1 greg.trester  7108118 Mar  1 21:12 cloudseed-1.0-SNAPSHOT.jar - 2016-03-01 21:12:30,651 [main] INFO  AsyncLog$ContextAwareAnalyticLogger:246 - 
4007775 -rw-r--r--  1 greg.trester  7108118 Mar  1 21:12 cloudseed-1.0-SNAPSHOT.jar
/opt/catalinaOne/appliancetransport - 2016-03-01 21:12:30,651 [main] INFO  AsyncLog$ContextAwareAnalyticLogger:246 - 
/opt/catalinaOne/appliancetransport
	  ...
 - 2016-03-01 21:12:30,651 [main] INFO  AsyncLog$ContextAwareAnalyticLogger:246 - 
	  ...

 - 2016-03-01 21:12:59,021 [main] INFO  AsyncLog$ContextAwareAnalyticLogger:246 - 

Hail ... Rainier ...  - 2016-03-01 21:12:59,022 [main] INFO  AsyncLog$ContextAwareAnalyticLogger:246 - 
Hail ... Rainier ... 
total 13896 - 2016-03-01 21:12:59,022 [main] INFO  AsyncLog$ContextAwareAnalyticLogger:246 - 
total 13896
4006442 drwxr-xr-x  3 greg.trester      102 Mar  1 20:23 ContextAwareAnalyticLogger - 2016-03-01 21:12:59,022 [main] INFO  AsyncLog$ContextAwareAnalyticLogger:246 - 
4006442 drwxr-xr-x  3 greg.trester      102 Mar  1 20:23 ContextAwareAnalyticLogger
4004376 -rwxrwxrwx  1 greg.trester      186 Mar  1 19:58 EXCHANGER - 2016-03-01 21:12:59,023 [main] INFO  AsyncLog$ContextAwareAnalyticLogger:246 - 
4004376 -rwxrwxrwx  1 greg.trester      186 Mar  1 19:58 EXCHANGER
4007894 -rw-r--r--  1 greg.trester  7108118 Mar  1 21:11 cloudseed-1.0-SNAPSHOT.jar - 2016-03-01 21:12:59,023 [main] INFO  AsyncLog$ContextAwareAnalyticLogger:246 - 
4007894 -rw-r--r--  1 greg.trester  7108118 Mar  1 21:11 cloudseed-1.0-SNAPSHOT.jar
/opt/catalinaOne/appliancetransport - 2016-03-01 21:12:59,023 [main] INFO  AsyncLog$ContextAwareAnalyticLogger:246 - 
/opt/catalinaOne/appliancetransport
	  ...
 - 2016-03-01 21:12:59,023 [main] INFO  AsyncLog$ContextAwareAnalyticLogger:246 - 
	  ...

 - 2016-03-01 21:16:49,451 [main] INFO  AsyncLog$ContextAwareAnalyticLogger:246 - 

Hail ... Rainier ...  - 2016-03-01 21:16:49,452 [main] INFO  AsyncLog$ContextAwareAnalyticLogger:246 - 
Hail ... Rainier ... 
total 13896 - 2016-03-01 21:16:49,452 [main] INFO  AsyncLog$ContextAwareAnalyticLogger:246 - 
total 13896
4006442 drwxr-xr-x  3 greg.trester      102 Mar  1 20:23 ContextAwareAnalyticLogger - 2016-03-01 21:16:49,452 [main] INFO  AsyncLog$ContextAwareAnalyticLogger:246 - 
4006442 drwxr-xr-x  3 greg.trester      102 Mar  1 20:23 ContextAwareAnalyticLogger
4004376 -rwxrwxrwx  1 greg.trester      186 Mar  1 19:58 EXCHANGER - 2016-03-01 21:16:49,452 [main] INFO  AsyncLog$ContextAwareAnalyticLogger:246 - 
4004376 -rwxrwxrwx  1 greg.trester      186 Mar  1 19:58 EXCHANGER
4007894 -rw-r--r--  1 greg.trester  7108118 Mar  1 21:11 cloudseed-1.0-SNAPSHOT.jar - 2016-03-01 21:16:49,452 [main] INFO  AsyncLog$ContextAwareAnalyticLogger:246 - 
4007894 -rw-r--r--  1 greg.trester  7108118 Mar  1 21:11 cloudseed-1.0-SNAPSHOT.jar
/opt/catalinaOne/appliancetransport - 2016-03-01 21:16:49,452 [main] INFO  AsyncLog$ContextAwareAnalyticLogger:246 - 
/opt/catalinaOne/appliancetransport
	  ...
 - 2016-03-01 21:16:49,452 [main] INFO  AsyncLog$ContextAwareAnalyticLogger:246 - 
	  ...

 - 2016-03-01 21:22:50,582 [main] INFO  AsyncLog$ContextAwareAnalyticLogger:246 - 

Hail ... Rainier ...  - 2016-03-01 21:22:50,583 [main] INFO  AsyncLog$ContextAwareAnalyticLogger:246 - 
Hail ... Rainier ... 
total 13896 - 2016-03-01 21:22:50,583 [main] INFO  AsyncLog$ContextAwareAnalyticLogger:246 - 
total 13896
4006442 drwxr-xr-x  3 greg.trester      102 Mar  1 20:23 ContextAwareAnalyticLogger - 2016-03-01 21:22:50,583 [main] INFO  AsyncLog$ContextAwareAnalyticLogger:246 - 
4006442 drwxr-xr-x  3 greg.trester      102 Mar  1 20:23 ContextAwareAnalyticLogger
4004376 -rwxrwxrwx  1 greg.trester      186 Mar  1 19:58 EXCHANGER - 2016-03-01 21:22:50,583 [main] INFO  AsyncLog$ContextAwareAnalyticLogger:246 - 
4004376 -rwxrwxrwx  1 greg.trester      186 Mar  1 19:58 EXCHANGER
4008042 -rw-r--r--  1 greg.trester  7108065 Mar  1 21:22 cloudseed-1.0-SNAPSHOT.jar - 2016-03-01 21:22:50,583 [main] INFO  AsyncLog$ContextAwareAnalyticLogger:246 - 
4008042 -rw-r--r--  1 greg.trester  7108065 Mar  1 21:22 cloudseed-1.0-SNAPSHOT.jar
/opt/catalinaOne/appliancetransport - 2016-03-01 21:22:50,584 [main] INFO  AsyncLog$ContextAwareAnalyticLogger:246 - 
/opt/catalinaOne/appliancetransport
	  ...
 - 2016-03-01 21:22:50,584 [main] INFO  AsyncLog$ContextAwareAnalyticLogger:246 - 
	  ...

 - 2016-03-01 21:24:48,864 [main] INFO  AsyncLog$ContextAwareAnalyticLogger:246 - 

Hail ... Rainier ...  - 2016-03-01 21:24:48,865 [main] INFO  AsyncLog$ContextAwareAnalyticLogger:246 - 
Hail ... Rainier ... 
total 13896 - 2016-03-01 21:24:48,865 [main] INFO  AsyncLog$ContextAwareAnalyticLogger:246 - 
total 13896
4006442 drwxr-xr-x  3 greg.trester      102 Mar  1 20:23 ContextAwareAnalyticLogger - 2016-03-01 21:24:48,865 [main] INFO  AsyncLog$ContextAwareAnalyticLogger:246 - 
4006442 drwxr-xr-x  3 greg.trester      102 Mar  1 20:23 ContextAwareAnalyticLogger
4004376 -rwxrwxrwx  1 greg.trester      186 Mar  1 19:58 EXCHANGER - 2016-03-01 21:24:48,865 [main] INFO  AsyncLog$ContextAwareAnalyticLogger:246 - 
4004376 -rwxrwxrwx  1 greg.trester      186 Mar  1 19:58 EXCHANGER
4008092 -rw-r--r--  1 greg.trester  7108081 Mar  1 21:24 cloudseed-1.0-SNAPSHOT.jar - 2016-03-01 21:24:48,865 [main] INFO  AsyncLog$ContextAwareAnalyticLogger:246 - 
4008092 -rw-r--r--  1 greg.trester  7108081 Mar  1 21:24 cloudseed-1.0-SNAPSHOT.jar
/opt/catalinaOne/appliancetransport - 2016-03-01 21:24:48,865 [main] INFO  AsyncLog$ContextAwareAnalyticLogger:246 - 
/opt/catalinaOne/appliancetransport
	  ...
 - 2016-03-01 21:24:48,865 [main] INFO  AsyncLog$ContextAwareAnalyticLogger:246 - 
	  ...

 - 2016-03-01 21:25:18,344 [main] INFO  AsyncLog$ContextAwareAnalyticLogger:246 - 

Hail ... Rainier ...  - 2016-03-01 21:25:18,345 [main] INFO  AsyncLog$ContextAwareAnalyticLogger:246 - 
Hail ... Rainier ... 
total 13896 - 2016-03-01 21:25:18,345 [main] INFO  AsyncLog$ContextAwareAnalyticLogger:246 - 
total 13896
4006442 drwxr-xr-x  3 greg.trester      102 Mar  1 20:23 ContextAwareAnalyticLogger - 2016-03-01 21:25:18,346 [main] INFO  AsyncLog$ContextAwareAnalyticLogger:246 - 
4006442 drwxr-xr-x  3 greg.trester      102 Mar  1 20:23 ContextAwareAnalyticLogger
4004376 -rwxrwxrwx  1 greg.trester      186 Mar  1 19:58 EXCHANGER - 2016-03-01 21:25:18,346 [main] INFO  AsyncLog$ContextAwareAnalyticLogger:246 - 
4004376 -rwxrwxrwx  1 greg.trester      186 Mar  1 19:58 EXCHANGER
4008092 -rw-r--r--  1 greg.trester  7108081 Mar  1 21:24 cloudseed-1.0-SNAPSHOT.jar - 2016-03-01 21:25:18,346 [main] INFO  AsyncLog$ContextAwareAnalyticLogger:246 - 
4008092 -rw-r--r--  1 greg.trester  7108081 Mar  1 21:24 cloudseed-1.0-SNAPSHOT.jar
/opt/catalinaOne/appliancetransport - 2016-03-01 21:25:18,346 [main] INFO  AsyncLog$ContextAwareAnalyticLogger:246 - 
/opt/catalinaOne/appliancetransport
	  ...
 - 2016-03-01 21:25:18,346 [main] INFO  AsyncLog$ContextAwareAnalyticLogger:246 - 
	  ...

